Compiled jquery.js  (37ms)  (pid 14171)
Compiled jquery_ujs.js  (1ms)  (pid 14171)
Compiled jquery.readmore.js  (0ms)  (pid 14171)
Compiled login.js  (337ms)  (pid 14171)
Compiled movie.js  (1ms)  (pid 14171)
Compiled samples.js  (0ms)  (pid 14171)
Compiled search.js  (0ms)  (pid 14171)
Compiled seens.js  (1ms)  (pid 14171)
Compiled application.js  (522ms)  (pid 14171)
Compiled login.css  (64ms)  (pid 14171)
Compiled movie.css  (3ms)  (pid 14171)
Compiled reset.css  (0ms)  (pid 14171)
Compiled samples.css  (0ms)  (pid 14171)
Compiled scaffolds.css  (21ms)  (pid 14171)
Compiled search.css  (20ms)  (pid 14171)
Compiled seens.css  (20ms)  (pid 14171)
Compiled application.css  (240ms)  (pid 14171)
Compiled jquery.js  (75ms)  (pid 14171)
Compiled jquery_ujs.js  (0ms)  (pid 14171)
Compiled jquery.readmore.js  (0ms)  (pid 14171)
Compiled login.js  (294ms)  (pid 14171)
Compiled movie.js  (1ms)  (pid 14171)
Compiled samples.js  (1ms)  (pid 14171)
Compiled search.js  (1ms)  (pid 14171)
Compiled seens.js  (1ms)  (pid 14171)
Compiled application.js  (471ms)  (pid 14171)
Compiled login.css  (57ms)  (pid 14171)
Compiled movie.css  (1ms)  (pid 14171)
Compiled reset.css  (1ms)  (pid 14171)
Compiled samples.css  (4ms)  (pid 14171)
Compiled scaffolds.css  (16ms)  (pid 14171)
Compiled search.css  (22ms)  (pid 14171)
Compiled seens.css  (26ms)  (pid 14171)
Compiled application.css  (198ms)  (pid 14171)


Started GET "/search" for 192.168.56.1 at 2012-04-06 17:55:15 +0900
Processing by SearchController#index as HTML
Completed 500 Internal Server Error in 9ms

ActiveRecord::StatementInvalid (Mysql2::Error: Table 'movie_seen.authors' doesn't exist: SHOW FULL FIELDS FROM `authors`):
  app/controllers/application_controller.rb:25:in `logged_in?'
  app/controllers/application_controller.rb:18:in `redirect_to_login_if_one_do_not'




Started GET "/search" for 192.168.56.1 at 2012-04-06 17:55:30 +0900
Processing by SearchController#index as HTML
Completed 500 Internal Server Error in 4ms

ActiveRecord::StatementInvalid (Mysql2::Error: Table 'movie_seen.authors' doesn't exist: SHOW FULL FIELDS FROM `authors`):
  app/controllers/application_controller.rb:25:in `logged_in?'
  app/controllers/application_controller.rb:18:in `redirect_to_login_if_one_do_not'




Started GET "/" for 192.168.56.1 at 2012-04-06 17:55:42 +0900
Processing by LoginController#index as HTML
Completed 500 Internal Server Error in 5ms

ActiveRecord::StatementInvalid (Mysql2::Error: Table 'movie_seen.authors' doesn't exist: SHOW FULL FIELDS FROM `authors`):
  app/controllers/application_controller.rb:25:in `logged_in?'
  app/controllers/login_controller.rb:5:in `index'




Started GET "/" for 192.168.56.1 at 2012-04-06 18:06:34 +0900
Processing by LoginController#index as HTML
No login status
  Rendered login/index.html.erb within layouts/application (7.6ms)
Compiled reset.css  (1ms)  (pid 14263)
Compiled login.css  (442ms)  (pid 14263)
Completed 200 OK in 591ms (Views: 545.7ms | ActiveRecord: 12.4ms)


Started GET "/assets/reset-b933cad2193440c92116762d7ccd8376.css" for 192.168.56.1 at 2012-04-06 18:06:35 +0900
Served asset /reset-b933cad2193440c92116762d7ccd8376.css - 200 OK (0ms)


Started GET "/assets/login-136333b318fe5f8fce814e08cd2e1e84.css" for 192.168.56.1 at 2012-04-06 18:06:35 +0900
Served asset /login-136333b318fe5f8fce814e08cd2e1e84.css - 200 OK (0ms)


Started GET "/" for 192.168.56.1 at 2012-04-06 18:06:47 +0900
Processing by LoginController#index as HTML
No login status
  Rendered login/index.html.erb within layouts/application (19.0ms)
Completed 200 OK in 146ms (Views: 80.9ms | ActiveRecord: 7.8ms)


Started GET "/auth/facebook" for 192.168.56.1 at 2012-04-06 18:07:38 +0900


Started GET "/auth/facebook/callback?code=AQAyBacOoRF295sR49WGHUKSGxJNB9nZ9huwcMZIBMS-SRw9PZEqzjC7ok2uEsOqpLwvYVq851qa4RplMHVpsIXJKinGlVbT_0c1ILCAsJ56rt96Itj2v3pldsCPl03_fTUYU_eXvmM9RpLzhbXb4wEbnhcAaJpjjBMBskUw12M8mqwXJjeZqbdZsEW-ucsBzQ8" for 192.168.56.1 at 2012-04-06 18:07:43 +0900
Processing by LoginController#index as HTML
  Parameters: {"code"=>"AQAyBacOoRF295sR49WGHUKSGxJNB9nZ9huwcMZIBMS-SRw9PZEqzjC7ok2uEsOqpLwvYVq851qa4RplMHVpsIXJKinGlVbT_0c1ILCAsJ56rt96Itj2v3pldsCPl03_fTUYU_eXvmM9RpLzhbXb4wEbnhcAaJpjjBMBskUw12M8mqwXJjeZqbdZsEW-ucsBzQ8", "provider"=>"facebook"}
Authentication is OKay
Redirected to http://192.168.56.101/search
Completed 302 Found in 55ms (ActiveRecord: 20.7ms)


Started GET "/search" for 192.168.56.1 at 2012-04-06 18:07:45 +0900
Processing by SearchController#index as HTML
  Rendered search/_search_condition.html.erb (1.4ms)
  Rendered search/_search_to_seen.html.erb (5.9ms)
  Rendered search/_next_page.html.erb (0.9ms)
  Rendered search/search.html.erb within layouts/application (17.3ms)
Compiled search.css  (396ms)  (pid 14487)
Completed 200 OK in 450ms (Views: 432.3ms | ActiveRecord: 12.4ms)


Started GET "/assets/search-7f33d8297c462772624471f1a3364f0e.css" for 192.168.56.1 at 2012-04-06 18:07:46 +0900
Served asset /search-7f33d8297c462772624471f1a3364f0e.css - 200 OK (0ms)


Started GET "/search" for 192.168.56.1 at 2012-04-06 18:08:00 +0900
Processing by SearchController#index as HTML
  Rendered search/_search_condition.html.erb (0.2ms)
  Rendered search/_search_to_seen.html.erb (2.3ms)
  Rendered search/_next_page.html.erb (0.1ms)
  Rendered search/search.html.erb within layouts/application (3.8ms)
Completed 200 OK in 17ms (Views: 4.7ms | ActiveRecord: 7.7ms)


Started GET "/search" for 192.168.56.1 at 2012-04-06 18:08:03 +0900
Processing by SearchController#index as HTML
  Rendered search/_search_condition.html.erb (0.1ms)
  Rendered search/_search_to_seen.html.erb (1.6ms)
  Rendered search/_next_page.html.erb (0.0ms)
  Rendered search/search.html.erb within layouts/application (3.4ms)
Completed 200 OK in 56ms (Views: 43.9ms | ActiveRecord: 4.6ms)


Started GET "/search" for 192.168.56.1 at 2012-04-06 18:08:07 +0900
Processing by SearchController#index as HTML
  Rendered search/_search_condition.html.erb (0.1ms)
  Rendered search/_search_to_seen.html.erb (1.8ms)
  Rendered search/_next_page.html.erb (0.1ms)
  Rendered search/search.html.erb within layouts/application (3.8ms)
Completed 200 OK in 16ms (Views: 6.5ms | ActiveRecord: 5.0ms)


Started GET "/search" for 192.168.56.1 at 2012-04-06 19:01:05 +0900
Processing by SearchController#index as HTML
  Rendered search/_search_condition.html.erb (0.1ms)
  Rendered search/_search_to_seen.html.erb (2.0ms)
  Rendered search/_next_page.html.erb (0.0ms)
  Rendered search/search.html.erb within layouts/application (3.1ms)
Completed 200 OK in 35ms (Views: 6.1ms | ActiveRecord: 18.7ms)
